Time:1631339419.385851;Battery:74;Velocity:0,0,1;Acceleration:16.0,-7.0,-997.0;Orientation:0,0,-76;Altitude:10079.0
Time:1631339419.491605;Battery:74;Velocity:0,0,1;Acceleration:14.0,-7.0,-999.0;Orientation:0,0,-76;Altitude:10082.0
Time:1631339419.592771;Battery:74;Velocity:0,0,0;Acceleration:14.0,-6.0,-997.0;Orientation:0,0,-76;Altitude:10080.0
Time:1631339419.698705;Battery:74;Velocity:0,0,0;Acceleration:14.0,-5.0,-1001.0;Orientation:0,0,-76;Altitude:10078.0
Time:1631339419.80305;Battery:74;Velocity:0,0,0;Acceleration:14.0,-5.0,-1000.0;Orientation:0,0,-76;Altitude:10083.0
Time:1631339419.909554;Battery:74;Velocity:0,0,0;Acceleration:15.0,-8.0,-999.0;Orientation:0,0,-76;Altitude:10075.0
Time:1631339420.0155241;Battery:74;Velocity:0,0,0;Acceleration:13.0,-4.0,-999.0;Orientation:0,0,-76;Altitude:10074.0
Time:1631339420.121693;Battery:74;Velocity:0,0,0;Acceleration:13.0,-6.0,-999.0;Orientation:0,0,-76;Altitude:10072.0
Time:1631339420.2229152;Battery:74;Velocity:0,0,0;Acceleration:15.0,-5.0,-1001.0;Orientation:0,0,-76;Altitude:10073.0
Time:1631339420.324223;Battery:74;Velocity:0,0,0;Acceleration:14.0,-5.0,-1001.0;Orientation:0,0,-76;Altitude:10080.0
Time:1631339420.430342;Battery:74;Velocity:0,0,0;Acceleration:15.0,-5.0,-999.0;Orientation:0,0,-76;Altitude:10071.0
Time:1631339420.5364962;Battery:74;Velocity:0,0,0;Acceleration:16.0,-5.0,-1000.0;Orientation:0,0,-76;Altitude:10072.0
Time:1631339420.642698;Battery:74;Velocity:0,0,0;Acceleration:14.0,-5.0,-1001.0;Orientation:0,0,-76;Altitude:10068.0
Time:1631339420.748866;Battery:74;Velocity:0,0,0;Acceleration:14.0,-5.0,-999.0;Orientation:0,0,-76;Altitude:10065.0
Time:1631339420.855176;Battery:74;Velocity:0,0,0;Acceleration:13.0,-6.0,-1000.0;Orientation:0,0,-76;Altitude:10062.0
Time:1631339420.961407;Battery:74;Velocity:0,0,0;Acceleration:12.0,-6.0,-1001.0;Orientation:0,0,-76;Altitude:10063.0
Time:1631339421.067416;Battery:74;Velocity:0,0,0;Acceleration:13.0,-6.0,-1000.0;Orientation:0,0,-76;Altitude:10064.0
Time:1631339421.170756;Battery:74;Velocity:0,0,0;Acceleration:15.0,-6.0,-1002.0;Orientation:0,0,-76;Altitude:10067.0
Time:1631339421.274101;Battery:74;Velocity:0,0,0;Acceleration:12.0,-5.0,-1002.0;Orientation:0,0,-76;Altitude:10063.0
Time:1631339421.377314;Battery:74;Velocity:0,0,0;Acceleration:33.0,-19.0,-1005.0;Orientation:0,0,-76;Altitude:10061.0
Time:1631339421.4815328;Battery:74;Velocity:0,0,0;Acceleration:-28.0,73.0,-1002.0;Orientation:0,0,-76;Altitude:10059.0
Time:1631339421.583988;Battery:74;Velocity:1,0,0;Acceleration:229.0,-127.0,-1958.0;Orientation:0,0,-76;Altitude:10066.0
Time:1631339421.690378;Battery:74;Velocity:0,0,-6;Acceleration:544.0,-223.0,-1920.0;Orientation:-3,2,-90;Altitude:10077.0
Time:1631339421.795914;Battery:74;Velocity:0,0,-12;Acceleration:-44.0,180.0,-1518.0;Orientation:-5,8,-88;Altitude:10107.0
Time:1631339421.900095;Battery:74;Velocity:0,0,-18;Acceleration:349.0,194.0,-1119.0;Orientation:-3,14,-86;Altitude:10122.0
Time:1631339422.002623;Battery:74;Velocity:0,0,-20;Acceleration:370.0,74.0,-813.0;Orientation:-2,20,-83;Altitude:10157.0
Time:1631339422.108783;Battery:74;Velocity:0,0,-19;Acceleration:80.0,27.0,-700.0;Orientation:-2,18,-78;Altitude:10164.0
Time:1631339422.214738;Battery:74;Velocity:0,0,-16;Acceleration:253.0,-111.0,-617.0;Orientation:-1,14,-76;Altitude:10186.0
Time:1631339422.31835;Battery:74;Velocity:0,0,-12;Acceleration:169.0,-155.0,-298.0;Orientation:8,8,-79;Altitude:10187.0
Time:1631339422.424484;Battery:74;Velocity:0,0,-6;Acceleration:-77.0,124.0,-67.0;Orientation:17,9,-79;Altitude:10184.0
Time:1631339422.527145;Battery:74;Velocity:0,0,0;Acceleration:-203.0,96.0,-928.0;Orientation:10,4,-74;Altitude:10185.0
Time:1631339422.6334069;Battery:74;Velocity:0,0,2;Acceleration:13.0,230.0,-1133.0;Orientation:-5,7,-78;Altitude:10184.0
Time:1631339422.737461;Battery:74;Velocity:0,0,0;Acceleration:255.0,-158.0,-1306.0;Orientation:-12,4,-77;Altitude:10181.0
Time:1631339422.840648;Battery:74;Velocity:0,0,-1;Acceleration:313.0,-66.0,-904.0;Orientation:2,6,-72;Altitude:10178.0
Time:1631339422.944009;Battery:74;Velocity:0,0,0;Acceleration:208.0,12.0,-963.0;Orientation:11,8,-69;Altitude:10176.0
Time:1631339423.0496361;Battery:74;Velocity:0,0,0;Acceleration:91.0,160.0,-1078.0;Orientation:3,5,-70;Altitude:10180.0
Time:1631339423.155879;Battery:74;Velocity:0,0,0;Acceleration:94.0,-33.0,-1325.0;Orientation:-11,3,-72;Altitude:10182.0
Time:1631339423.262039;Battery:74;Velocity:0,0,-2;Acceleration:-40.0,189.0,-728.0;Orientation:-8,0,-74;Altitude:10179.0
Time:1631339423.3652322;Battery:74;Velocity:0,0,0;Acceleration:240.0,168.0,-475.0;Orientation:4,3,-75;Altitude:10177.0
Time:1631339423.471572;Battery:74;Velocity:0,0,3;Acceleration:-128.0,5.0,-1162.0;Orientation:-3,9,-70;Altitude:10178.0
Time:1631339423.577811;Battery:74;Velocity:0,0,2;Acceleration:120.0,176.0,-921.0;Orientation:0,22,-75;Altitude:10172.0
Time:1631339423.684105;Battery:74;Velocity:0,0,2;Acceleration:268.0,-101.0,-1107.0;Orientation:7,34,-77;Altitude:10185.0
Time:1631339423.790168;Battery:74;Velocity:0,0,1;Acceleration:529.0,-266.0,-1126.0;Orientation:6,29,-73;Altitude:10182.0
Time:1631339423.8965619;Battery:74;Velocity:0,0,1;Acceleration:450.0,-197.0,-1024.0;Orientation:3,27,-69;Altitude:10181.0
Time:1631339424.003137;Battery:74;Velocity:0,0,0;Acceleration:759.0,-180.0,-1021.0;Orientation:4,28,-67;Altitude:10193.0
Time:1631339424.1089332;Battery:74;Velocity:0,0,0;Acceleration:509.0,42.0,-727.0;Orientation:5,31,-69;Altitude:10192.0
Time:1631339424.2151449;Battery:74;Velocity:0,0,1;Acceleration:470.0,-112.0,-754.0;Orientation:3,29,-70;Altitude:10184.0
Time:1631339424.3166862;Battery:74;Velocity:0,0,0;Acceleration:279.0,-166.0,-1073.0;Orientation:1,26,-70;Altitude:10176.0
Time:1631339424.4223301;Battery:74;Velocity:0,0,0;Acceleration:352.0,-4.0,-933.0;Orientation:2,21,-71;Altitude:10171.0
Time:1631339424.528279;Battery:74;Velocity:0,0,-1;Acceleration:139.0,-188.0,-1040.0;Orientation:8,6,-67;Altitude:10168.0
Time:1631339424.634479;Battery:74;Velocity:0,0,0;Acceleration:307.0,-383.0,-915.0;Orientation:14,6,-70;Altitude:10172.0
Time:1631339424.738115;Battery:74;Velocity:0,0,0;Acceleration:104.0,-152.0,-773.0;Orientation:17,6,-70;Altitude:10175.0
Time:1631339424.8444312;Battery:74;Velocity:0,0,0;Acceleration:-37.0,-272.0,-1004.0;Orientation:16,4,-67;Altitude:10165.0
Time:1631339424.948564;Battery:74;Velocity:0,0,0;Acceleration:398.0,-230.0,-1073.0;Orientation:19,5,-66;Altitude:10166.0
Time:1631339425.050223;Battery:74;Velocity:0,0,0;Acceleration:78.0,-84.0,-992.0;Orientation:22,6,-65;Altitude:10168.0
Time:1631339425.15275;Battery:74;Velocity:0,0,0;Acceleration:286.0,-288.0,-912.0;Orientation:29,10,-65;Altitude:10167.0
Time:1631339425.256633;Battery:74;Velocity:0,0,0;Acceleration:220.0,-304.0,-878.0;Orientation:32,10,-66;Altitude:10163.0
Time:1631339425.3625689;Battery:74;Velocity:0,0,0;Acceleration:264.0,-449.0,-846.0;Orientation:34,10,-66;Altitude:10163.0
Time:1631339425.46869;Battery:74;Velocity:0,0,0;Acceleration:174.0,-562.0,-984.0;Orientation:33,10,-68;Altitude:10163.0
Time:1631339425.574867;Battery:74;Velocity:0,0,0;Acceleration:180.0,-319.0,-940.0;Orientation:27,10,-69;Altitude:10167.0
Time:1631339425.68101;Battery:74;Velocity:0,0,0;Acceleration:292.0,-468.0,-898.0;Orientation:26,9,-68;Altitude:10164.0
Time:1631339425.786633;Battery:74;Velocity:0,0,0;Acceleration:194.0,-432.0,-907.0;Orientation:26,9,-71;Altitude:10167.0
Time:1631339425.8929138;Battery:74;Velocity:0,0,1;Acceleration:141.0,-320.0,-942.0;Orientation:22,7,-74;Altitude:10169.0
Time:1631339425.999224;Battery:74;Velocity:0,0,1;Acceleration:227.0,-288.0,-918.0;Orientation:14,7,-78;Altitude:10162.0
Time:1631339426.105509;Battery:74;Velocity:0,0,0;Acceleration:-135.0,-145.0,-1012.0;Orientation:3,3,-79;Altitude:10156.0
Time:1631339426.211711;Battery:74;Velocity:0,0,0;Acceleration:303.0,-347.0,-1086.0;Orientation:-3,1,-81;Altitude:10156.0
Time:1631339426.318063;Battery:74;Velocity:0,0,0;Acceleration:320.0,-276.0,-998.0;Orientation:-4,0,-83;Altitude:10156.0
Time:1631339426.424392;Battery:74;Velocity:0,0,0;Acceleration:143.0,-180.0,-969.0;Orientation:-2,-1,-83;Altitude:10157.0
Time:1631339426.528002;Battery:74;Velocity:0,0,1;Acceleration:275.0,-11.0,-877.0;Orientation:1,0,-85;Altitude:10150.0
Time:1631339426.6343749;Battery:74;Velocity:0,0,1;Acceleration:270.0,-46.0,-1014.0;Orientation:-1,0,-82;Altitude:10146.0
Time:1631339426.74065;Battery:74;Velocity:0,0,1;Acceleration:270.0,-46.0,-1014.0;Orientation:-1,0,-82;Altitude:10146.0
Time:1631339426.846785;Battery:74;Velocity:0,0,2;Acceleration:174.0,54.0,-935.0;Orientation:0,3,-74;Altitude:10154.0
Time:1631339426.952876;Battery:74;Velocity:0,0,2;Acceleration:41.0,43.0,-883.0;Orientation:4,6,-79;Altitude:10149.0
Time:1631339427.056729;Battery:74;Velocity:0,0,1;Acceleration:141.0,-44.0,-947.0;Orientation:12,9,-91;Altitude:10152.0
Time:1631339427.160635;Battery:74;Velocity:0,0,0;Acceleration:1.0,157.0,-1032.0;Orientation:3,4,-90;Altitude:10140.0
Time:1631339427.2667189;Battery:74;Velocity:0,0,0;Acceleration:162.0,-392.0,-1061.0;Orientation:1,2,-93;Altitude:10161.0
Time:1631339427.369042;Battery:74;Velocity:0,0,0;Acceleration:125.0,24.0,-1240.0;Orientation:4,-3,-95;Altitude:10161.0
Time:1631339427.4748101;Battery:74;Velocity:0,0,0;Acceleration:112.0,-95.0,-998.0;Orientation:7,-6,-92;Altitude:10151.0
Time:1631339427.581098;Battery:74;Velocity:0,0,1;Acceleration:158.0,-54.0,-925.0;Orientation:6,-2,-87;Altitude:10142.0
Time:1631339427.687354;Battery:74;Velocity:0,0,0;Acceleration:-178.0,66.0,-753.0;Orientation:6,0,-80;Altitude:10144.0
Time:1631339427.790299;Battery:74;Velocity:0,0,-1;Acceleration:-198.0,71.0,-953.0;Orientation:5,4,-74;Altitude:10146.0
Time:1631339427.8966012;Battery:74;Velocity:0,0,0;Acceleration:-236.0,6.0,-965.0;Orientation:4,6,-69;Altitude:10149.0
Time:1631339428.0028522;Battery:74;Velocity:0,0,0;Acceleration:-256.0,-139.0,-888.0;Orientation:0,5,-64;Altitude:10154.0
Time:1631339428.1091452;Battery:74;Velocity:0,0,1;Acceleration:-127.0,-173.0,-937.0;Orientation:-2,7,-57;Altitude:10146.0
Time:1631339428.2153442;Battery:74;Velocity:0,0,1;Acceleration:-43.0,-40.0,-1041.0;Orientation:-5,5,-53;Altitude:10141.0
Time:1631339428.321663;Battery:74;Velocity:0,0,1;Acceleration:7.0,170.0,-1086.0;Orientation:-17,7,-52;Altitude:10145.0
Time:1631339428.42479;Battery:74;Velocity:0,0,0;Acceleration:210.0,160.0,-1117.0;Orientation:-27,17,-58;Altitude:10142.0
Time:1631339428.5301518;Battery:74;Velocity:0,0,0;Acceleration:187.0,212.0,-914.0;Orientation:-28,18,-63;Altitude:10147.0
Time:1631339428.6320682;Battery:74;Velocity:0,0,1;Acceleration:308.0,402.0,-834.0;Orientation:-19,17,-58;Altitude:10148.0
Time:1631339428.7357178;Battery:74;Velocity:0,0,2;Acceleration:350.0,414.0,-860.0;Orientation:-17,17,-60;Altitude:10151.0
Time:1631339428.842154;Battery:74;Velocity:0,0,2;Acceleration:323.0,372.0,-914.0;Orientation:-16,16,-59;Altitude:10150.0
Time:1631339428.94784;Battery:74;Velocity:0,0,1;Acceleration:278.0,380.0,-900.0;Orientation:-15,17,-61;Altitude:10151.0
Time:1631339429.0532029;Battery:74;Velocity:0,0,1;Acceleration:248.0,164.0,-906.0;Orientation:-13,16,-61;Altitude:10159.0
Time:1631339429.159507;Battery:74;Velocity:0,0,2;Acceleration:148.0,118.0,-934.0;Orientation:-7,16,-59;Altitude:10158.0
Time:1631339429.265341;Battery:74;Velocity:0,0,1;Acceleration:282.0,-42.0,-1176.0;Orientation:2,15,-52;Altitude:10162.0
Time:1631339429.369025;Battery:74;Velocity:0,0,1;Acceleration:424.0,165.0,-1105.0;Orientation:14,11,-45;Altitude:10167.0
